0 info it worked if it ends with ok
1 verbose cli [ '/usr/local/bin/node', '/usr/local/bin/npm', 'run', 'build' ]
2 info using npm@3.10.3
3 info using node@v5.4.1
4 verbose run-script [ 'prebuild', 'build', 'postbuild' ]
5 info lifecycle unsullied-react-drawer@0.1.0~prebuild: unsullied-react-drawer@0.1.0
6 silly lifecycle unsullied-react-drawer@0.1.0~prebuild: no script for prebuild, continuing
7 info lifecycle unsullied-react-drawer@0.1.0~build: unsullied-react-drawer@0.1.0
8 verbose lifecycle unsullied-react-drawer@0.1.0~build: unsafe-perm in lifecycle true
9 verbose lifecycle unsullied-react-drawer@0.1.0~build: PATH: /usr/local/lib/node_modules/npm/bin/node-gyp-bin:/Users/matthewgoo/Documents/the-unsullied/unsullied-react-drawer/node_modules/.bin:/usr/local/bin:/opt/local/bin:/opt/local/sbin:/usr/local/bin:/usr/bin:/bin:/usr/sbin:/sbin:/opt/X11/bin:/usr/local/go/bin:/Applications/Postgres.app/Contents/Versions/9.4/bin://Users/matthewgoo/projects/go/bin
10 verbose lifecycle unsullied-react-drawer@0.1.0~build: CWD: /Users/matthewgoo/Documents/the-unsullied/unsullied-react-drawer
11 silly lifecycle unsullied-react-drawer@0.1.0~build: Args: [ '-c',
11 silly lifecycle   'rm -rf dist && mkdir -p dist && babel src/Drawer.jsx --out-file dist/Drawer.js && node ./scripts/build-dist && cp src/main.scss dist/Drawer.scss' ]
12 silly lifecycle unsullied-react-drawer@0.1.0~build: Returned: code: 126  signal: null
13 info lifecycle unsullied-react-drawer@0.1.0~build: Failed to exec build script
14 verbose stack Error: unsullied-react-drawer@0.1.0 build: `rm -rf dist && mkdir -p dist && babel src/Drawer.jsx --out-file dist/Drawer.js && node ./scripts/build-dist && cp src/main.scss dist/Drawer.scss`
14 verbose stack Exit status 126
14 verbose stack     at EventEmitter.<anonymous> (/usr/local/lib/node_modules/npm/lib/utils/lifecycle.js:242:16)
14 verbose stack     at emitTwo (events.js:87:13)
14 verbose stack     at EventEmitter.emit (events.js:172:7)
14 verbose stack     at ChildProcess.<anonymous> (/usr/local/lib/node_modules/npm/lib/utils/spawn.js:40:14)
14 verbose stack     at emitTwo (events.js:87:13)
14 verbose stack     at ChildProcess.emit (events.js:172:7)
14 verbose stack     at maybeClose (internal/child_process.js:821:16)
14 verbose stack     at Process.ChildProcess._handle.onexit (internal/child_process.js:211:5)
15 verbose pkgid unsullied-react-drawer@0.1.0
16 verbose cwd /Users/matthewgoo/Documents/the-unsullied/unsullied-react-drawer
17 error Darwin 15.5.0
18 error argv "/usr/local/bin/node" "/usr/local/bin/npm" "run" "build"
19 error node v5.4.1
20 error npm  v3.10.3
21 error code ELIFECYCLE
22 error unsullied-react-drawer@0.1.0 build: `rm -rf dist && mkdir -p dist && babel src/Drawer.jsx --out-file dist/Drawer.js && node ./scripts/build-dist && cp src/main.scss dist/Drawer.scss`
22 error Exit status 126
23 error Failed at the unsullied-react-drawer@0.1.0 build script 'rm -rf dist && mkdir -p dist && babel src/Drawer.jsx --out-file dist/Drawer.js && node ./scripts/build-dist && cp src/main.scss dist/Drawer.scss'.
23 error Make sure you have the latest version of node.js and npm installed.
23 error If you do, this is most likely a problem with the unsullied-react-drawer package,
23 error not with npm itself.
23 error Tell the author that this fails on your system:
23 error     rm -rf dist && mkdir -p dist && babel src/Drawer.jsx --out-file dist/Drawer.js && node ./scripts/build-dist && cp src/main.scss dist/Drawer.scss
23 error You can get information on how to open an issue for this project with:
23 error     npm bugs unsullied-react-drawer
23 error Or if that isn't available, you can get their info via:
23 error     npm owner ls unsullied-react-drawer
23 error There is likely additional logging output above.
24 verbose exit [ 1, true ]
